<?xml version="1.0" encoding="UTF-8"?>
<!-- Generated by org.testng.reporters.JUnitXMLReporter -->
<testsuite hostname="Balko_PC" name="Command line test" tests="4" failures="0" timestamp="19 Jun 2017 18:30:50 GMT" time="43.191" errors="0">
  <testcase name="testFindAllTrainersFacade" time="0.016" classname="cz.mendelu.pef.swi.service.facade.DotaznikFacadeTest"/>
  <testcase name="testGetTrainerByIdFacade" time="0.001" classname="cz.mendelu.pef.swi.service.facade.DotaznikFacadeTest"/>
  <testcase name="testFindAll" time="0.002" classname="cz.mendelu.pef.swi.service.services.DotaznikServiceTest"/>
  <testcase name="testFindById" time="0.001" classname="cz.mendelu.pef.swi.service.services.DotaznikServiceTest"/>
</testsuite> <!-- Command line test -->
