<?xml version="1.0" encoding="UTF-8"?>
<!-- Generated by org.testng.reporters.JUnitXMLReporter -->
<testsuite hostname="Balko_PC" name="Command line test" tests="4" failures="0" timestamp="19 Jun 2017 20:05:29 GMT" time="40.377" errors="0">
  <testcase name="testFindAllTrainersFacade" time="0.018" classname="cz.mendelu.pef.swi.service.facade.DotaznikFacadeTest"/>
  <testcase name="testGetTrainerByIdFacade" time="0.001" classname="cz.mendelu.pef.swi.service.facade.DotaznikFacadeTest"/>
  <testcase name="testFindAll" time="0.003" classname="cz.mendelu.pef.swi.service.services.DotaznikServiceTest"/>
  <testcase name="testFindById" time="0.001" classname="cz.mendelu.pef.swi.service.services.DotaznikServiceTest"/>
</testsuite> <!-- Command line test -->
