<?xml version="1.0" encoding="UTF-8"?>
<!-- Generated by org.testng.reporters.JUnitXMLReporter -->
<testsuite hostname="Balko_PC" name="Command line test" tests="6" failures="0" timestamp="19 Jun 2017 20:04:44 GMT" time="52.597" errors="0">
  <testcase name="testSave" time="0.691" classname="cz.mendelu.swi.eprieskumy.dao.DotaznikDaoTest"/>
  <testcase name="testFindById" time="0.155" classname="cz.mendelu.swi.eprieskumy.dao.OdpovedDaoTest"/>
  <testcase name="testFindByUzivatelDotaznik" time="0.391" classname="cz.mendelu.swi.eprieskumy.dao.OdpovedDaoTest"/>
  <testcase name="testSave" time="0.213" classname="cz.mendelu.swi.eprieskumy.dao.OdpovedDaoTest"/>
  <testcase name="testSave" time="0.156" classname="cz.mendelu.swi.eprieskumy.dao.UzivatelDaoTest"/>
  <testcase name="testSetRole" time="0.17" classname="cz.mendelu.swi.eprieskumy.dao.UzivatelDaoTest"/>
</testsuite> <!-- Command line test -->
