<?xml version="1.0" encoding="UTF-8"?>
<testng-results skipped="0" failed="0" total="6" passed="6">
  <reporter-output>
  </reporter-output>
  <suite name="Command line suite" duration-ms="52597" started-at="2017-06-19T20:03:52Z" finished-at="2017-06-19T20:04:44Z">
    <groups>
    </groups>
    <test name="Command line test" duration-ms="52597" started-at="2017-06-19T20:03:52Z" finished-at="2017-06-19T20:04:44Z">
      <class name="cz.mendelu.swi.eprieskumy.dao.DotaznikDaoTest">
        <test-method status="PASS" signature="springTestContextBeforeTestClass()[pri:0, instance:cz.mendelu.swi.eprieskumy.dao.DotaznikDaoTest@467aecef]" name="springTestContextBeforeTestClass" is-config="true" duration-ms="14" started-at="2017-06-19T22:03:52Z" finished-at="2017-06-19T22:03:52Z">
          <reporter-output>
          </reporter-output>
        </test-method> <!-- springTestContextBeforeTestClass -->
        <test-method status="PASS" signature="springTestContextPrepareTestInstance()[pri:0, instance:cz.mendelu.swi.eprieskumy.dao.DotaznikDaoTest@467aecef]" name="springTestContextPrepareTestInstance" is-config="true" duration-ms="48260" started-at="2017-06-19T22:03:52Z" depends-on-methods="org.springframework.test.context.testng.AbstractTestNGSpringContextTests.springTestContextBeforeTestClass" finished-at="2017-06-19T22:04:40Z">
          <reporter-output>
          </reporter-output>
        </test-method> <!-- springTestContextPrepareTestInstance -->
        <test-method status="PASS" signature="springTestContextBeforeTestMethod(java.lang.reflect.Method)[pri:0, instance:cz.mendelu.swi.eprieskumy.dao.DotaznikDaoTest@467aecef]" name="springTestContextBeforeTestMethod" is-config="true" duration-ms="536" started-at="2017-06-19T22:04:40Z" finished-at="2017-06-19T22:04:40Z">
          <params>
            <param index="0">
              <value>
                <![CDATA[public void cz.mendelu.swi.eprieskumy.dao.DotaznikDaoTest.testSave()]]>
              </value>
            </param>
          </params>
          <reporter-output>
          </reporter-output>
        </test-method> <!-- springTestContextBeforeTestMethod -->
        <test-method status="PASS" signature="testSave()[pri:0, instance:cz.mendelu.swi.eprieskumy.dao.DotaznikDaoTest@467aecef]" name="testSave" duration-ms="691" started-at="2017-06-19T22:04:40Z" finished-at="2017-06-19T22:04:41Z">
          <reporter-output>
          </reporter-output>
        </test-method> <!-- testSave -->
        <test-method status="PASS" signature="springTestContextAfterTestMethod(java.lang.reflect.Method)[pri:0, instance:cz.mendelu.swi.eprieskumy.dao.DotaznikDaoTest@467aecef]" name="springTestContextAfterTestMethod" is-config="true" duration-ms="89" started-at="2017-06-19T22:04:41Z" finished-at="2017-06-19T22:04:41Z">
          <params>
            <param index="0">
              <value>
                <![CDATA[public void cz.mendelu.swi.eprieskumy.dao.DotaznikDaoTest.testSave()]]>
              </value>
            </param>
          </params>
          <reporter-output>
          </reporter-output>
        </test-method> <!-- springTestContextAfterTestMethod -->
        <test-method status="PASS" signature="springTestContextAfterTestClass()[pri:0, instance:cz.mendelu.swi.eprieskumy.dao.DotaznikDaoTest@467aecef]" name="springTestContextAfterTestClass" is-config="true" duration-ms="0" started-at="2017-06-19T22:04:41Z" finished-at="2017-06-19T22:04:41Z">
          <reporter-output>
          </reporter-output>
        </test-method> <!-- springTestContextAfterTestClass -->
      </class> <!-- cz.mendelu.swi.eprieskumy.dao.DotaznikDaoTest -->
      <class name="cz.mendelu.swi.eprieskumy.dao.OdpovedDaoTest">
        <test-method status="PASS" signature="springTestContextBeforeTestClass()[pri:0, instance:cz.mendelu.swi.eprieskumy.dao.OdpovedDaoTest@fad74ee]" name="springTestContextBeforeTestClass" is-config="true" duration-ms="0" started-at="2017-06-19T22:04:41Z" finished-at="2017-06-19T22:04:41Z">
          <reporter-output>
          </reporter-output>
        </test-method> <!-- springTestContextBeforeTestClass -->
        <test-method status="PASS" signature="springTestContextPrepareTestInstance()[pri:0, instance:cz.mendelu.swi.eprieskumy.dao.OdpovedDaoTest@fad74ee]" name="springTestContextPrepareTestInstance" is-config="true" duration-ms="3" started-at="2017-06-19T22:04:41Z" depends-on-methods="org.springframework.test.context.testng.AbstractTestNGSpringContextTests.springTestContextBeforeTestClass" finished-at="2017-06-19T22:04:41Z">
          <reporter-output>
          </reporter-output>
        </test-method> <!-- springTestContextPrepareTestInstance -->
        <test-method status="PASS" signature="springTestContextBeforeTestMethod(java.lang.reflect.Method)[pri:0, instance:cz.mendelu.swi.eprieskumy.dao.OdpovedDaoTest@fad74ee]" name="springTestContextBeforeTestMethod" is-config="true" duration-ms="315" started-at="2017-06-19T22:04:41Z" finished-at="2017-06-19T22:04:41Z">
          <params>
            <param index="0">
              <value>
                <![CDATA[public void cz.mendelu.swi.eprieskumy.dao.OdpovedDaoTest.testFindById()]]>
              </value>
            </param>
          </params>
          <reporter-output>
          </reporter-output>
        </test-method> <!-- springTestContextBeforeTestMethod -->
        <test-method status="PASS" signature="testFindById()[pri:0, instance:cz.mendelu.swi.eprieskumy.dao.OdpovedDaoTest@fad74ee]" name="testFindById" duration-ms="155" started-at="2017-06-19T22:04:41Z" finished-at="2017-06-19T22:04:42Z">
          <reporter-output>
          </reporter-output>
        </test-method> <!-- testFindById -->
        <test-method status="PASS" signature="springTestContextAfterTestMethod(java.lang.reflect.Method)[pri:0, instance:cz.mendelu.swi.eprieskumy.dao.OdpovedDaoTest@fad74ee]" name="springTestContextAfterTestMethod" is-config="true" duration-ms="82" started-at="2017-06-19T22:04:42Z" finished-at="2017-06-19T22:04:42Z">
          <params>
            <param index="0">
              <value>
                <![CDATA[public void cz.mendelu.swi.eprieskumy.dao.OdpovedDaoTest.testFindById()]]>
              </value>
            </param>
          </params>
          <reporter-output>
          </reporter-output>
        </test-method> <!-- springTestContextAfterTestMethod -->
        <test-method status="PASS" signature="springTestContextBeforeTestMethod(java.lang.reflect.Method)[pri:0, instance:cz.mendelu.swi.eprieskumy.dao.OdpovedDaoTest@fad74ee]" name="springTestContextBeforeTestMethod" is-config="true" duration-ms="313" started-at="2017-06-19T22:04:42Z" finished-at="2017-06-19T22:04:42Z">
          <params>
            <param index="0">
              <value>
                <![CDATA[public void cz.mendelu.swi.eprieskumy.dao.OdpovedDaoTest.testFindByUzivatelDotaznik()]]>
              </value>
            </param>
          </params>
          <reporter-output>
          </reporter-output>
        </test-method> <!-- springTestContextBeforeTestMethod -->
        <test-method status="PASS" signature="testFindByUzivatelDotaznik()[pri:0, instance:cz.mendelu.swi.eprieskumy.dao.OdpovedDaoTest@fad74ee]" name="testFindByUzivatelDotaznik" duration-ms="391" started-at="2017-06-19T22:04:42Z" finished-at="2017-06-19T22:04:42Z">
          <reporter-output>
          </reporter-output>
        </test-method> <!-- testFindByUzivatelDotaznik -->
        <test-method status="PASS" signature="springTestContextAfterTestMethod(java.lang.reflect.Method)[pri:0, instance:cz.mendelu.swi.eprieskumy.dao.OdpovedDaoTest@fad74ee]" name="springTestContextAfterTestMethod" is-config="true" duration-ms="71" started-at="2017-06-19T22:04:42Z" finished-at="2017-06-19T22:04:42Z">
          <params>
            <param index="0">
              <value>
                <![CDATA[public void cz.mendelu.swi.eprieskumy.dao.OdpovedDaoTest.testFindByUzivatelDotaznik()]]>
              </value>
            </param>
          </params>
          <reporter-output>
          </reporter-output>
        </test-method> <!-- springTestContextAfterTestMethod -->
        <test-method status="PASS" signature="springTestContextBeforeTestMethod(java.lang.reflect.Method)[pri:0, instance:cz.mendelu.swi.eprieskumy.dao.OdpovedDaoTest@fad74ee]" name="springTestContextBeforeTestMethod" is-config="true" duration-ms="279" started-at="2017-06-19T22:04:42Z" finished-at="2017-06-19T22:04:43Z">
          <params>
            <param index="0">
              <value>
                <![CDATA[public void cz.mendelu.swi.eprieskumy.dao.OdpovedDaoTest.testSave()]]>
              </value>
            </param>
          </params>
          <reporter-output>
          </reporter-output>
        </test-method> <!-- springTestContextBeforeTestMethod -->
        <test-method status="PASS" signature="testSave()[pri:0, instance:cz.mendelu.swi.eprieskumy.dao.OdpovedDaoTest@fad74ee]" name="testSave" duration-ms="213" started-at="2017-06-19T22:04:43Z" finished-at="2017-06-19T22:04:43Z">
          <reporter-output>
          </reporter-output>
        </test-method> <!-- testSave -->
        <test-method status="PASS" signature="springTestContextAfterTestMethod(java.lang.reflect.Method)[pri:0, instance:cz.mendelu.swi.eprieskumy.dao.OdpovedDaoTest@fad74ee]" name="springTestContextAfterTestMethod" is-config="true" duration-ms="71" started-at="2017-06-19T22:04:43Z" finished-at="2017-06-19T22:04:43Z">
          <params>
            <param index="0">
              <value>
                <![CDATA[public void cz.mendelu.swi.eprieskumy.dao.OdpovedDaoTest.testSave()]]>
              </value>
            </param>
          </params>
          <reporter-output>
          </reporter-output>
        </test-method> <!-- springTestContextAfterTestMethod -->
        <test-method status="PASS" signature="springTestContextAfterTestClass()[pri:0, instance:cz.mendelu.swi.eprieskumy.dao.OdpovedDaoTest@fad74ee]" name="springTestContextAfterTestClass" is-config="true" duration-ms="1" started-at="2017-06-19T22:04:43Z" finished-at="2017-06-19T22:04:43Z">
          <reporter-output>
          </reporter-output>
        </test-method> <!-- springTestContextAfterTestClass -->
      </class> <!-- cz.mendelu.swi.eprieskumy.dao.OdpovedDaoTest -->
      <class name="cz.mendelu.swi.eprieskumy.dao.UzivatelDaoTest">
        <test-method status="PASS" signature="springTestContextBeforeTestClass()[pri:0, instance:cz.mendelu.swi.eprieskumy.dao.UzivatelDaoTest@3d921e20]" name="springTestContextBeforeTestClass" is-config="true" duration-ms="0" started-at="2017-06-19T22:04:43Z" finished-at="2017-06-19T22:04:43Z">
          <reporter-output>
          </reporter-output>
        </test-method> <!-- springTestContextBeforeTestClass -->
        <test-method status="PASS" signature="springTestContextPrepareTestInstance()[pri:0, instance:cz.mendelu.swi.eprieskumy.dao.UzivatelDaoTest@3d921e20]" name="springTestContextPrepareTestInstance" is-config="true" duration-ms="3" started-at="2017-06-19T22:04:43Z" depends-on-methods="org.springframework.test.context.testng.AbstractTestNGSpringContextTests.springTestContextBeforeTestClass" finished-at="2017-06-19T22:04:43Z">
          <reporter-output>
          </reporter-output>
        </test-method> <!-- springTestContextPrepareTestInstance -->
        <test-method status="PASS" signature="springTestContextBeforeTestMethod(java.lang.reflect.Method)[pri:0, instance:cz.mendelu.swi.eprieskumy.dao.UzivatelDaoTest@3d921e20]" name="springTestContextBeforeTestMethod" is-config="true" duration-ms="333" started-at="2017-06-19T22:04:43Z" finished-at="2017-06-19T22:04:43Z">
          <params>
            <param index="0">
              <value>
                <![CDATA[public void cz.mendelu.swi.eprieskumy.dao.UzivatelDaoTest.testSave()]]>
              </value>
            </param>
          </params>
          <reporter-output>
          </reporter-output>
        </test-method> <!-- springTestContextBeforeTestMethod -->
        <test-method status="PASS" signature="testSave()[pri:0, instance:cz.mendelu.swi.eprieskumy.dao.UzivatelDaoTest@3d921e20]" name="testSave" duration-ms="156" started-at="2017-06-19T22:04:43Z" finished-at="2017-06-19T22:04:44Z">
          <reporter-output>
          </reporter-output>
        </test-method> <!-- testSave -->
        <test-method status="PASS" signature="springTestContextAfterTestMethod(java.lang.reflect.Method)[pri:0, instance:cz.mendelu.swi.eprieskumy.dao.UzivatelDaoTest@3d921e20]" name="springTestContextAfterTestMethod" is-config="true" duration-ms="67" started-at="2017-06-19T22:04:44Z" finished-at="2017-06-19T22:04:44Z">
          <params>
            <param index="0">
              <value>
                <![CDATA[public void cz.mendelu.swi.eprieskumy.dao.UzivatelDaoTest.testSave()]]>
              </value>
            </param>
          </params>
          <reporter-output>
          </reporter-output>
        </test-method> <!-- springTestContextAfterTestMethod -->
        <test-method status="PASS" signature="springTestContextBeforeTestMethod(java.lang.reflect.Method)[pri:0, instance:cz.mendelu.swi.eprieskumy.dao.UzivatelDaoTest@3d921e20]" name="springTestContextBeforeTestMethod" is-config="true" duration-ms="295" started-at="2017-06-19T22:04:44Z" finished-at="2017-06-19T22:04:44Z">
          <params>
            <param index="0">
              <value>
                <![CDATA[public void cz.mendelu.swi.eprieskumy.dao.UzivatelDaoTest.testSetRole()]]>
              </value>
            </param>
          </params>
          <reporter-output>
          </reporter-output>
        </test-method> <!-- springTestContextBeforeTestMethod -->
        <test-method status="PASS" signature="testSetRole()[pri:0, instance:cz.mendelu.swi.eprieskumy.dao.UzivatelDaoTest@3d921e20]" name="testSetRole" duration-ms="170" started-at="2017-06-19T22:04:44Z" finished-at="2017-06-19T22:04:44Z">
          <reporter-output>
          </reporter-output>
        </test-method> <!-- testSetRole -->
        <test-method status="PASS" signature="springTestContextAfterTestMethod(java.lang.reflect.Method)[pri:0, instance:cz.mendelu.swi.eprieskumy.dao.UzivatelDaoTest@3d921e20]" name="springTestContextAfterTestMethod" is-config="true" duration-ms="75" started-at="2017-06-19T22:04:44Z" finished-at="2017-06-19T22:04:44Z">
          <params>
            <param index="0">
              <value>
                <![CDATA[public void cz.mendelu.swi.eprieskumy.dao.UzivatelDaoTest.testSetRole()]]>
              </value>
            </param>
          </params>
          <reporter-output>
          </reporter-output>
        </test-method> <!-- springTestContextAfterTestMethod -->
        <test-method status="PASS" signature="springTestContextAfterTestClass()[pri:0, instance:cz.mendelu.swi.eprieskumy.dao.UzivatelDaoTest@3d921e20]" name="springTestContextAfterTestClass" is-config="true" duration-ms="0" started-at="2017-06-19T22:04:44Z" finished-at="2017-06-19T22:04:44Z">
          <reporter-output>
          </reporter-output>
        </test-method> <!-- springTestContextAfterTestClass -->
      </class> <!-- cz.mendelu.swi.eprieskumy.dao.UzivatelDaoTest -->
    </test> <!-- Command line test -->
  </suite> <!-- Command line suite -->
</testng-results>
